<?xml version="1.0" encoding="UTF-8"?>
<!-- Generated by org.testng.reporters.JUnitReportReporter -->
<testsuite hostname="LAPTOP-3N37KE9R" failures="0" tests="3" name="com.datadrivenconcepts.MyfirstDataDrivenTestExample" time="0.031" errors="0" timestamp="14 Oct 2018 14:10:03 GMT">
  <testcase classname="com.datadrivenconcepts.MyfirstDataDrivenTestExample" name="testSearchFlipkart" time="0.024"/>
  <testcase classname="com.datadrivenconcepts.MyfirstDataDrivenTestExample" name="testSearchFlipkart" time="0.002"/>
  <testcase classname="com.datadrivenconcepts.MyfirstDataDrivenTestExample" name="testSearchFlipkart" time="0.005"/>
</testsuite> <!-- com.datadrivenconcepts.MyfirstDataDrivenTestExample -->
