<?xml version="1.0" encoding="UTF-8"?>
<!-- Generated by org.testng.reporters.JUnitReportReporter -->
<testsuite hostname="LAPTOP-3N37KE9R" failures="0" tests="1" name="CompanyName_Automation.Project_Name_AutomationWithSelenium1.NewUserTestCase" time="88.833" errors="0" timestamp="7 Jan 2019 05:23:25 GMT">
  <testcase classname="CompanyName_Automation.Project_Name_AutomationWithSelenium1.NewUserTestCase" name="addTestUser" time="88.833"/>
</testsuite> <!-- CompanyName_Automation.Project_Name_AutomationWithSelenium1.NewUserTestCase -->
